<?xml version="1.0" encoding="UTF-8"?>
<!-- Generated by org.testng.reporters.JUnitReportReporter -->
<testsuite hostname="BYOD-663311" failures="0" tests="7" name="com.tutorialsninja.qa.testcases.LoginTest" time="107.967" errors="0" timestamp="2024-08-18T20:19:09 IST" skipped="0">
  <testcase classname="com.tutorialsninja.qa.testcases.LoginTest" name="VerifyUsingValid" time="16.203"/>
  <testcase classname="com.tutorialsninja.qa.testcases.LoginTest" name="VerifyUsingValid" time="15.041"/>
  <testcase classname="com.tutorialsninja.qa.testcases.LoginTest" name="VerifyUsingValid" time="18.632"/>
  <testcase classname="com.tutorialsninja.qa.testcases.LoginTest" name="VerifyUsingInvalid" time="14.886"/>
  <testcase classname="com.tutorialsninja.qa.testcases.LoginTest" name="VerifyUsingValidUsernameInvalidPassword" time="13.441"/>
  <testcase classname="com.tutorialsninja.qa.testcases.LoginTest" name="VerifyUsignInvalidUsernameValidPassword" time="15.856"/>
  <testcase classname="com.tutorialsninja.qa.testcases.LoginTest" name="VerifyUsingNoCredentials" time="13.908"/>
</testsuite> <!-- com.tutorialsninja.qa.testcases.LoginTest -->
