<?xml version="1.0" encoding="UTF-8"?>
<!-- Generated by org.testng.reporters.JUnitReportReporter -->
<testsuite hostname="BYOD-663311" failures="0" tests="4" name="com.tutorialsninja.qa.testcases.RegisterTest" time="81.425" errors="0" timestamp="2024-08-05T12:08:17 IST" skipped="0">
  <testcase classname="com.tutorialsninja.qa.testcases.RegisterTest" name="RegisterByOnlyMandatoryField" time="18.577"/>
  <testcase classname="com.tutorialsninja.qa.testcases.RegisterTest" name="RegisterByAllFields" time="30.635"/>
  <testcase classname="com.tutorialsninja.qa.testcases.RegisterTest" name="RegisterWithSameDetails" time="18.906"/>
  <testcase classname="com.tutorialsninja.qa.testcases.RegisterTest" name="RegisterWithNoDetails" time="13.307"/>
</testsuite> <!-- com.tutorialsninja.qa.testcases.RegisterTest -->
