<?xml version="1.0" encoding="UTF-8"?>
<!-- Generated by org.testng.reporters.JUnitReportReporter -->
<testsuite hostname="BYOD-663311" failures="0" tests="1" name="com.tutorialsninja.qa.testcases.AddToCart" time="16.854" errors="0" timestamp="2024-08-05T20:58:14 IST" skipped="0">
  <testcase classname="com.tutorialsninja.qa.testcases.AddToCart" name="ValidateAddToCartSearchResultPage" time="16.854"/>
</testsuite> <!-- com.tutorialsninja.qa.testcases.AddToCart -->
