<?xml version="1.0" encoding="UTF-8"?>
<!-- Generated by org.testng.reporters.JUnitReportReporter -->
<testsuite hostname="BYOD-663311" failures="0" tests="4" name="com.tutorialsninja.qa.testcases.RegisterTest" time="75.432" errors="0" timestamp="2024-08-18T20:19:09 IST" skipped="0">
  <testcase classname="com.tutorialsninja.qa.testcases.RegisterTest" name="RegisterByOnlyMandatoryField" time="18.930"/>
  <testcase classname="com.tutorialsninja.qa.testcases.RegisterTest" name="RegisterByAllFields" time="24.371"/>
  <testcase classname="com.tutorialsninja.qa.testcases.RegisterTest" name="RegisterWithSameDetails" time="15.351"/>
  <testcase classname="com.tutorialsninja.qa.testcases.RegisterTest" name="RegisterWithNoDetails" time="16.780"/>
</testsuite> <!-- com.tutorialsninja.qa.testcases.RegisterTest -->
