<?xml version="1.0" encoding="UTF-8"?>
<!-- Generated by org.testng.reporters.JUnitReportReporter -->
<testsuite hostname="BYOD-663311" failures="0" tests="4" name="com.tutorialsninja.qa.testcases.SearchTest" time="56.431" errors="0" timestamp="2024-08-05T12:08:17 IST" skipped="0">
  <testcase classname="com.tutorialsninja.qa.testcases.SearchTest" name="SearchWithExistingProduct" time="16.069"/>
  <testcase classname="com.tutorialsninja.qa.testcases.SearchTest" name="SearchWithNonExistingProduct" time="13.496"/>
  <testcase classname="com.tutorialsninja.qa.testcases.SearchTest" name="SearchWithoutAnyProductName" time="10.717"/>
  <testcase classname="com.tutorialsninja.qa.testcases.SearchTest" name="SearchingValidProductAfterLogin" time="16.149"/>
</testsuite> <!-- com.tutorialsninja.qa.testcases.SearchTest -->
