<?xml version="1.0" encoding="UTF-8"?>
<!-- Generated by org.testng.reporters.JUnitReportReporter -->
<testsuite hostname="BYOD-663311" failures="0" tests="3" name="com.tutorialsninja.qa.testcases.AddToCartTest" time="42.755" errors="0" timestamp="2024-08-05T21:05:53 IST" skipped="0">
  <testcase classname="com.tutorialsninja.qa.testcases.AddToCartTest" name="ValidateAddToCartProductDisplayPage" time="16.189"/>
  <testcase classname="com.tutorialsninja.qa.testcases.AddToCartTest" name="ValidateAddToCartSearchResultPage" time="13.491"/>
  <testcase classname="com.tutorialsninja.qa.testcases.AddToCartTest" name="ValidateAddToCartFeaturedItem" time="13.075"/>
</testsuite> <!-- com.tutorialsninja.qa.testcases.AddToCartTest -->
