<?xml version="1.0" encoding="UTF-8"?>
<!-- Generated by org.testng.reporters.JUnitReportReporter -->
<testsuite hostname="BYOD-663311" failures="0" tests="3" name="com.tutorialsninja.qa.testcases.LoginTest" time="43.084" errors="0" timestamp="2024-08-06T12:25:52 IST" skipped="0">
  <testcase classname="com.tutorialsninja.qa.testcases.LoginTest" name="VerifyUsingValid" time="12.738"/>
  <testcase classname="com.tutorialsninja.qa.testcases.LoginTest" name="VerifyUsingValid" time="15.751"/>
  <testcase classname="com.tutorialsninja.qa.testcases.LoginTest" name="VerifyUsingValid" time="14.595"/>
</testsuite> <!-- com.tutorialsninja.qa.testcases.LoginTest -->
