<?xml version="1.0" encoding="UTF-8"?>
<!-- Generated by org.testng.reporters.JUnitReportReporter -->
<testsuite hostname="BYOD-663311" failures="0" tests="1" name="com.tutorialsninja.qa.testcases.RegisterTest" time="15.498" errors="0" timestamp="2024-08-13T01:24:32 IST" skipped="0">
  <testcase classname="com.tutorialsninja.qa.testcases.RegisterTest" name="RegisterByOnlyMandatoryField" time="15.498"/>
</testsuite> <!-- com.tutorialsninja.qa.testcases.RegisterTest -->
