<?xml version="1.0" encoding="UTF-8"?>
<!-- Generated by org.testng.reporters.JUnitReportReporter -->
<testsuite hostname="BYOD-663311" failures="0" tests="3" name="com.tutorialsninja.qa.testcases.AddToCartTest" time="52.490" errors="0" timestamp="2024-08-18T20:19:09 IST" skipped="0">
  <testcase classname="com.tutorialsninja.qa.testcases.AddToCartTest" name="ValidateAddToCartProductDisplayPage" time="18.320"/>
  <testcase classname="com.tutorialsninja.qa.testcases.AddToCartTest" name="ValidateAddToCartSearchResultPage" time="15.492"/>
  <testcase classname="com.tutorialsninja.qa.testcases.AddToCartTest" name="ValidateAddToCartFeaturedItem" time="18.678"/>
</testsuite> <!-- com.tutorialsninja.qa.testcases.AddToCartTest -->
